<?xml version="1.0" encoding="UTF-8"?>
<testng-results ignored="0" total="2" passed="2" failed="0" skipped="0">
  <reporter-output>
  </reporter-output>
  <suite started-at="2023-07-04T11:53:42 IST" name="Suite" finished-at="2023-07-04T11:54:02 IST" duration-ms="20282">
    <groups>
    </groups>
    <test started-at="2023-07-04T11:53:42 IST" name="Test" finished-at="2023-07-04T11:54:02 IST" duration-ms="20282">
      <class name="runner_script.Runnerclass">
        <test-method is-config="true" signature="Openapp()[pri:0, instance:runner_script.Runnerclass@7526515b]" started-at="2023-07-04T11:53:42 IST" name="Openapp" finished-at="2023-07-04T11:53:50 IST" duration-ms="7992" status="PASS">
          <reporter-output>
          </reporter-output>
        </test-method> <!-- Openapp -->
        <test-method signature="test(java.lang.String,java.lang.String)[pri:0, instance:runner_script.Runnerclass@7526515b]" started-at="2023-07-04T11:53:50 IST" name="test" data-provider="testData" finished-at="2023-07-04T11:53:53 IST" duration-ms="3000" status="PASS">
          <params>
            <param index="0">
              <value>
                <![CDATA[basava]]>
              </value>
            </param>
            <param index="1">
              <value>
                <![CDATA[admin]]>
              </value>
            </param>
          </params>
          <reporter-output>
          </reporter-output>
        </test-method> <!-- test -->
        <test-method is-config="true" signature="Closeapp(org.testng.ITestResult)[pri:0, instance:runner_script.Runnerclass@7526515b]" started-at="2023-07-04T11:53:53 IST" name="Closeapp" finished-at="2023-07-04T11:53:53 IST" duration-ms="532" status="PASS">
          <params>
            <param index="0">
              <value>
                <![CDATA[[TestResult name=test status=SUCCESS method=Runnerclass.test(java.lang.String,java.lang.String)[pri:0, instance:runner_script.Runnerclass@7526515b] output={null}]]]>
              </value>
            </param>
          </params>
          <reporter-output>
          </reporter-output>
        </test-method> <!-- Closeapp -->
        <test-method is-config="true" signature="Openapp()[pri:0, instance:runner_script.Runnerclass@7526515b]" started-at="2023-07-04T11:53:53 IST" name="Openapp" finished-at="2023-07-04T11:53:59 IST" duration-ms="5482" status="PASS">
          <reporter-output>
          </reporter-output>
        </test-method> <!-- Openapp -->
        <test-method signature="test(java.lang.String,java.lang.String)[pri:0, instance:runner_script.Runnerclass@7526515b]" started-at="2023-07-04T11:53:59 IST" name="test" data-provider="testData" finished-at="2023-07-04T11:54:02 IST" duration-ms="2727" status="PASS">
          <params>
            <param index="0">
              <value>
                <![CDATA[basava1]]>
              </value>
            </param>
            <param index="1">
              <value>
                <![CDATA[manager]]>
              </value>
            </param>
          </params>
          <reporter-output>
          </reporter-output>
        </test-method> <!-- test -->
        <test-method is-config="true" signature="Closeapp(org.testng.ITestResult)[pri:0, instance:runner_script.Runnerclass@7526515b]" started-at="2023-07-04T11:54:02 IST" name="Closeapp" finished-at="2023-07-04T11:54:02 IST" duration-ms="431" status="PASS">
          <params>
            <param index="0">
              <value>
                <![CDATA[[TestResult name=test status=SUCCESS method=Runnerclass.test(java.lang.String,java.lang.String)[pri:0, instance:runner_script.Runnerclass@7526515b] output={null}]]]>
              </value>
            </param>
          </params>
          <reporter-output>
          </reporter-output>
        </test-method> <!-- Closeapp -->
      </class> <!-- runner_script.Runnerclass -->
    </test> <!-- Test -->
  </suite> <!-- Suite -->
</testng-results>
